                                                                                                   QUERY PLAN
-----------------------------------------------------------------------------------------------------------------------------------------------------------------------------------------------------------------
 Finalize Aggregate  (cost=2425.93..2425.94 rows=1 width=96) (actual time=473.682..473.849 rows=1 loops=1)
   AQO not used, fss=0
   Output: min((lt.link)::text), min(t1.title), min(t2.title)
   ->  Gather  (cost=2425.87..2425.88 rows=7 width=96) (actual time=473.659..473.837 rows=8 loops=1)
         AQO not used, fss=124
         Output: (PARTIAL min((lt.link)::text)), (PARTIAL min(t1.title)), (PARTIAL min(t2.title))
         Workers Planned: 7
         Workers Launched: 7
         ->  Partial Aggregate  (cost=2424.87..2424.88 rows=1 width=96) (actual time=68.364..68.368 rows=1 loops=8)
               AQO not used, fss=124
               Output: PARTIAL min((lt.link)::text), PARTIAL min(t1.title), PARTIAL min(t2.title)
               Worker 0:  actual time=13.825..13.831 rows=1 loops=1
               Worker 1:  actual time=2.408..2.411 rows=1 loops=1
               Worker 2:  actual time=14.818..14.823 rows=1 loops=1
               Worker 3:  actual time=0.011..0.013 rows=1 loops=1
               Worker 4:  actual time=8.261..8.266 rows=1 loops=1
               Worker 5:  actual time=17.490..17.494 rows=1 loops=1
               Worker 6:  actual time=17.570..17.574 rows=1 loops=1
               ->  Nested Loop  (cost=1.72..2424.86 rows=1 width=46) (actual time=9.765..67.510 rows=548 loops=8)
                     AQO not used, fss=123
                     Output: lt.link, t1.title, t2.title
                     Inner Unique: true
                     Worker 0:  actual time=13.818..13.823 rows=0 loops=1
                     Worker 1:  actual time=2.403..2.407 rows=0 loops=1
                     Worker 2:  actual time=14.812..14.816 rows=0 loops=1
                     Worker 3:  actual time=0.005..0.007 rows=0 loops=1
                     Worker 4:  actual time=8.255..8.259 rows=0 loops=1
                     Worker 5:  actual time=17.483..17.486 rows=0 loops=1
                     Worker 6:  actual time=17.562..17.566 rows=0 loops=1
                     ->  Nested Loop  (cost=1.29..2422.54 rows=1 width=33) (actual time=9.753..54.475 rows=548 loops=8)
                           AQO not used, fss=0
                           Output: ml.linked_movie_id, lt.link, t1.title
                           Inner Unique: true
                           Worker 0:  actual time=13.818..13.821 rows=0 loops=1
                           Worker 1:  actual time=2.402..2.405 rows=0 loops=1
                           Worker 2:  actual time=14.811..14.814 rows=0 loops=1
                           Worker 3:  actual time=0.004..0.006 rows=0 loops=1
                           Worker 4:  actual time=8.254..8.258 rows=0 loops=1
                           Worker 5:  actual time=17.481..17.485 rows=0 loops=1
                           Worker 6:  actual time=17.561..17.564 rows=0 loops=1
                           ->  Nested Loop  (cost=0.86..2422.07 rows=1 width=24) (actual time=9.741..46.196 rows=548 loops=8)
                                 AQO not used, fss=0
                                 Output: mk.movie_id, ml.movie_id, ml.linked_movie_id, lt.link
                                 Inner Unique: true
                                 Worker 0:  actual time=13.817..13.820 rows=0 loops=1
                                 Worker 1:  actual time=2.402..2.404 rows=0 loops=1
                                 Worker 2:  actual time=14.810..14.813 rows=0 loops=1
                                 Worker 3:  actual time=0.004..0.005 rows=0 loops=1
                                 Worker 4:  actual time=8.254..8.256 rows=0 loops=1
                                 Worker 5:  actual time=17.480..17.483 rows=0 loops=1
                                 Worker 6:  actual time=17.560..17.563 rows=0 loops=1
                                 ->  Nested Loop  (cost=0.72..2421.91 rows=1 width=16) (actual time=9.736..42.310 rows=548 loops=8)
                                       AQO not used, fss=0
                                       Output: mk.movie_id, ml.movie_id, ml.linked_movie_id, ml.link_type_id
                                       Worker 0:  actual time=13.816..13.818 rows=0 loops=1
                                       Worker 1:  actual time=2.401..2.403 rows=0 loops=1
                                       Worker 2:  actual time=14.810..14.812 rows=0 loops=1
                                       Worker 3:  actual time=0.003..0.004 rows=0 loops=1
                                       Worker 4:  actual time=8.253..8.255 rows=0 loops=1
                                       Worker 5:  actual time=17.480..17.482 rows=0 loops=1
                                       Worker 6:  actual time=17.559..17.562 rows=0 loops=1
                                       ->  Nested Loop  (cost=0.43..2419.79 rows=5 width=4) (actual time=9.691..18.267 rows=5230 loops=8)
                                             AQO not used, fss=0
                                             Output: mk.movie_id
                                             Worker 0:  actual time=13.815..13.816 rows=0 loops=1
                                             Worker 1:  actual time=2.401..2.402 rows=0 loops=1
                                             Worker 2:  actual time=14.809..14.810 rows=0 loops=1
                                             Worker 3:  actual time=0.003..0.003 rows=0 loops=1
                                             Worker 4:  actual time=8.252..8.253 rows=0 loops=1
                                             Worker 5:  actual time=17.479..17.480 rows=0 loops=1
                                             Worker 6:  actual time=17.559..17.560 rows=0 loops=1
                                             ->  Parallel Seq Scan on public.keyword k  (cost=0.00..2137.59 rows=1 width=4) (actual time=9.672..9.673 rows=0 loops=8)
                                                   AQO not used, fss=0
                                                   Output: k.id, k.keyword, k.phonetic_code
                                                   Filter: (k.keyword = 'character-name-in-title'::text)
                                                   Rows Removed by Filter: 16771
                                                   Worker 0:  actual time=13.814..13.815 rows=0 loops=1
                                                   Worker 1:  actual time=2.400..2.400 rows=0 loops=1
                                                   Worker 2:  actual time=14.808..14.808 rows=0 loops=1
                                                   Worker 3:  actual time=0.002..0.002 rows=0 loops=1
                                                   Worker 4:  actual time=8.251..8.252 rows=0 loops=1
                                                   Worker 5:  actual time=17.477..17.478 rows=0 loops=1
                                                   Worker 6:  actual time=17.558..17.558 rows=0 loops=1
                                             ->  Index Scan using keyword_id_movie_keyword on public.movie_keyword mk  (cost=0.43..280.82 rows=138 width=8) (actual time=0.138..57.008 rows=41840 loops=1)
                                                   AQO not used, fss=0
                                                   Output: mk.id, mk.movie_id, mk.keyword_id
                                                   Index Cond: (mk.keyword_id = k.id)
                                       ->  Index Scan using movie_id_movie_link on public.movie_link ml  (cost=0.29..0.38 rows=5 width=12) (actual time=0.004..0.004 rows=0 loops=41840)
                                             AQO not used, fss=0
                                             Output: ml.id, ml.movie_id, ml.linked_movie_id, ml.link_type_id
                                             Index Cond: (ml.movie_id = mk.movie_id)
                                 ->  Index Scan using link_type_pkey on public.link_type lt  (cost=0.14..0.16 rows=1 width=16) (actual time=0.005..0.005 rows=1 loops=4388)
                                       AQO not used, fss=0
                                       Output: lt.id, lt.link
                                       Index Cond: (lt.id = ml.link_type_id)
                           ->  Index Scan using title_pkey on public.title t1  (cost=0.43..0.47 rows=1 width=21) (actual time=0.013..0.013 rows=1 loops=4388)
                                 AQO not used, fss=0
                                 Output: t1.id, t1.title, t1.imdb_index, t1.kind_id, t1.production_year, t1.imdb_id, t1.phonetic_code, t1.episode_of_id, t1.season_nr, t1.episode_nr, t1.series_years, t1.md5sum
                                 Index Cond: (t1.id = mk.movie_id)
                     ->  Index Scan using title_pkey on public.title t2  (cost=0.43..2.32 rows=1 width=21) (actual time=0.022..0.022 rows=1 loops=4388)
                           AQO not used, fss=0
                           Output: t2.id, t2.title, t2.imdb_index, t2.kind_id, t2.production_year, t2.imdb_id, t2.phonetic_code, t2.episode_of_id, t2.season_nr, t2.episode_nr, t2.series_years, t2.md5sum
                           Index Cond: (t2.id = ml.linked_movie_id)
 Query Identifier: 6225652705960457954
 Planning Time: 20.089 ms
 Execution Time: 474.229 ms
 Using aqo: false
 AQO mode: DISABLED
 Query hash: 6225652705960457954
 JOINS: 5
(110 rows)

